
Log started (V22.1.1.0) Wed May 31 17:02:39 2023


Problem '/var/folders/9g/2ksh9gd11v39rwhxj0gl_49c0000gn/T/9449584648294d96ac94ef18e270c658-pulp.lp' read.
Read time = 0.40 sec. (8.46 ticks)
Version identifier: 22.1.1.0 | 2022-11-28 | 9160aff4d
Found incumbent of value 0.000000 after 0.00 sec. (2.09 ticks)
Tried aggregator 2 times.
MIP Presolve eliminated 67629 rows and 67591 columns.
MIP Presolve modified 2212 coefficients.
Aggregator did 360 substitutions.
Reduced MIP has 4617 rows, 4514 columns, and 16664 nonzeros.
Reduced MIP has 2624 binaries, 1890 generals, 0 SOSs, and 0 indicators.
Presolve time = 0.73 sec. (91.01 ticks)
Probing fixed 0 vars, tightened 600 bounds.
Probing time = 0.04 sec. (20.88 ticks)
Tried aggregator 2 times.
MIP Presolve eliminated 425 rows and 421 columns.
MIP Presolve modified 423 coefficients.
Aggregator did 210 substitutions.
Reduced MIP has 3982 rows, 3883 columns, and 14443 nonzeros.
Reduced MIP has 2413 binaries, 1470 generals, 0 SOSs, and 0 indicators.
Presolve time = 0.06 sec. (19.28 ticks)
Probing time = 0.00 sec. (3.82 ticks)
Tried aggregator 1 time.
Detecting symmetries...
Reduced MIP has 3982 rows, 3883 columns, and 14443 nonzeros.
Reduced MIP has 2413 binaries, 1470 generals, 0 SOSs, and 0 indicators.
Presolve time = 0.03 sec. (15.09 ticks)
Probing time = 0.00 sec. (3.82 ticks)
Clique table members: 2124.
MIP emphasis: balance optimality and feasibility.
MIP search method: dynamic search.
Parallel mode: deterministic, using up to 8 threads.
Root relaxation solution time = 0.06 sec. (134.11 ticks)

        Nodes                                         Cuts/
   Node  Left     Objective  IInf  Best Integer    Best Bound    ItCnt     Gap

*     0+    0                            0.0000     4800.0000              --- 
      0     0      122.3726   625        0.0000      122.3726     1172     --- 
*     0+    0                           79.0000      122.3726            54.90%
      0     0      106.1592  1173       79.0000     Cuts: 134     3417   34.38%
      0     0       93.2008   851       79.0000     Cuts: 106     5048   17.98%
      0     0       92.5870   834       79.0000      Cuts: 91     7188   17.20%
      0     0       92.1462   619       79.0000     Cuts: 101     8870   16.64%
      0     0       91.8890   673       79.0000      Cuts: 96    10874   16.32%
      0     0       91.5109   648       79.0000     Cuts: 112    12757   15.84%
      0     0       91.3461   815       79.0000      Cuts: 90    17081   15.63%
      0     0       90.6589   724       79.0000      Cuts: 90    19612   14.76%
      0     0       90.4071   660       79.0000     Cuts: 102    21297   14.44%
      0     0       90.2700   766       79.0000      Cuts: 94    22392   14.27%
      0     0       90.1098   719       79.0000      Cuts: 95    23504   14.06%
      0     0       89.9083   796       79.0000      Cuts: 87    25026   13.81%
      0     0       89.7475   871       79.0000      Cuts: 89    26525   13.60%
      0     0       89.6367   805       79.0000      Cuts: 73    27842   13.46%
      0     0       89.5446   927       79.0000      Cuts: 77    29036   13.35%
      0     0       89.4705   909       79.0000      Cuts: 78    30032   13.25%
      0     0       89.3884   913       79.0000      Cuts: 75    31173   13.15%
      0     0       89.2327   944       79.0000      Cuts: 72    32428   12.95%
      0     0       89.1793   965       79.0000      Cuts: 68    33353   12.89%
      0     0       89.1381   945       79.0000      Cuts: 60    34139   12.83%
      0     0       89.1187  1000       79.0000      Cuts: 60    34862   12.81%
      0     0       89.0854   973       79.0000      Cuts: 57    35680   12.77%
      0     0       89.0429   983       79.0000      Cuts: 61    36688   12.71%
      0     0       89.0016   975       79.0000      Cuts: 60    37722   12.66%
      0     0       88.9790   996       79.0000      Cuts: 49    38412   12.63%
*     0+    0                           80.0000       88.9790            11.22%
      0     0       88.9622  1020       80.0000      Cuts: 39    39127   11.20%
      0     0       88.9411  1013       80.0000      Cuts: 45    39993   11.18%
      0     2       88.9411  1013       80.0000       88.9411    39993   11.18%
Elapsed time = 15.31 sec. (21929.50 ticks, tree = 0.02 MB, solutions = 3)
      1     3       86.5083   888       80.0000       88.9404    41999   11.18%
      2     4       86.4772   885       80.0000       88.9404    42484   11.18%
      4     5       86.3154   862       80.0000       88.9404    43369   11.18%
      7     9       85.4973   863       80.0000       88.9404    47923   11.18%
     10     5       85.5892   876       80.0000       88.9404    44040   11.18%
     16    16       82.7412   365       80.0000       87.2009    56856    9.00%
     31    16       84.3860   858       80.0000       87.2009    58532    9.00%
     39    15       83.7235   657       80.0000       87.2009    55802    9.00%
     46    26        cutoff             80.0000       87.2009    82161    9.00%
     69    17       81.9845   455       80.0000       86.6834    80871    8.35%
Elapsed time = 18.13 sec. (26490.32 ticks, tree = 0.21 MB, solutions = 3)
     87    23       83.8132   774       80.0000       85.6880   114812    7.11%
    127    25       83.6525   719       80.0000       85.6880   130634    7.11%
    166    26       83.6600   717       80.0000       85.6880   158505    7.11%
    213    62       81.2346   349       80.0000       85.6880   181979    7.11%
    282   113       85.5472   792       80.0000       85.6880   202292    7.11%
    375   172       83.4352   393       80.0000       85.6443   224783    7.06%
    479   203       85.6395   807       80.0000       85.6395   235015    7.05%
    530   302       83.4677   454       80.0000       85.6387   265208    7.05%
    634   329       82.3525   127       80.0000       85.6387   272883    7.05%
    732   417       82.7840   333       80.0000       85.6387   295973    7.05%
Elapsed time = 25.01 sec. (36307.25 ticks, tree = 7.54 MB, solutions = 3)
    858   450        cutoff             80.0000       85.6197   309326    7.02%
    935   550       85.4151   722       80.0000       85.6197   332961    7.02%
   1024   626       81.0470    29       80.0000       85.5321   349904    6.92%
   1132   724       83.4750   483       80.0000       85.4721   388041    6.84%
   1212   742       81.3404   341       80.0000       85.4721   391643    6.84%
   1285   791       81.9962    56       80.0000       85.4523   408368    6.82%
   1356   862       82.1549   513       80.0000       85.4097   440213    6.76%
   1419   877       81.0260   168       80.0000       85.3809   443200    6.73%
   1487   953       82.0617   560       80.0000       85.3504   477776    6.69%
   1568   959       83.5247   463       80.0000       85.3366   480554    6.67%
Elapsed time = 31.46 sec. (45904.60 ticks, tree = 18.79 MB, solutions = 3)
   1689  1036       81.8200   622       80.0000       85.2752   515751    6.59%
   1746  1044       81.3003   376       80.0000       85.1996   521303    6.50%
   1835  1096       81.1288   353       80.0000       85.1996   534835    6.50%
   1898  1179       81.6187   521       80.0000       84.0835   581360    5.10%
   1956  1210       81.4376   520       80.0000       84.0199   593522    5.02%
   2010  1254       81.1946   358       80.0000       83.9038   617487    4.88%
   2104  1282       81.2322   507       80.0000       83.7256   642641    4.66%
   2158  1338       83.6528   581       80.0000       83.7184   663021    4.65%
   2267  1374       82.6536   241       80.0000       83.7034   682315    4.63%
   2371  1434       83.4583   505       80.0000       83.7016   707808    4.63%
Elapsed time = 38.01 sec. (55591.15 ticks, tree = 33.33 MB, solutions = 3)
   2475  1484       81.0000   155       80.0000       83.7016   719947    4.63%
   2601  1558       81.0000    34       80.0000       83.6911   735182    4.61%
   2725  1598       81.0686    84       80.0000       83.6911   744802    4.61%
   2857  1682       82.5579   242       80.0000       83.6897   783916    4.61%
   3010  1716       82.0260    73       80.0000       83.6897   789802    4.61%
   3117  1907       82.0000   352       80.0000       83.6768   826278    4.60%
   3217  2039       81.6870   298       80.0000       83.6753   859654    4.59%
   3299  2085       83.5502   640       80.0000       83.6729   876024    4.59%
   3361  2112       82.0294   658       80.0000       83.6729   879509    4.59%
   3362  1977       81.0889   629       80.0000       83.6729   855334    4.59%
Elapsed time = 44.13 sec. (65490.73 ticks, tree = 52.81 MB, solutions = 3)

Performing restart 1

Repeating presolve.
Tried aggregator 1 time.
Reduced MIP has 3982 rows, 3883 columns, and 14443 nonzeros.
Reduced MIP has 2413 binaries, 1470 generals, 0 SOSs, and 0 indicators.
Presolve time = 0.03 sec. (8.46 ticks)
Tried aggregator 1 time.
Reduced MIP has 3982 rows, 3883 columns, and 14443 nonzeros.
Reduced MIP has 2413 binaries, 1470 generals, 0 SOSs, and 0 indicators.
Presolve time = 0.03 sec. (15.37 ticks)
Represolve time = 0.26 sec. (121.26 ticks)
   3363     0       88.1929   855       80.0000     Cuts: 167   931410    4.59%
   3363     0       87.7798   589       80.0000     Cuts: 176   934724    4.59%
   3363     0       87.3695   603       80.0000     Cuts: 140   936999    4.59%
   3363     0       87.0516   626       80.0000     Cuts: 132   939279    4.59%
   3363     0       86.9184   666       80.0000     Cuts: 149   941626    4.59%
   3363     0       86.6648   700       80.0000     Cuts: 141   944487    4.59%
   3363     2       86.6648   696       80.0000       83.6722   944487    4.59%
   3364     3       85.0731   565       80.0000       83.6722   947722    4.59%
   3366     4       84.0063   507       80.0000       83.6722   950590    4.59%
   3369     5       86.5896   676       80.0000       83.6722   950462    4.59%
   3370     5       85.0747   573       80.0000       83.6722   952207    4.59%
   3371     5       83.1327   576       80.0000       83.6722   957769    4.59%
   3375     5       83.2146   580       80.0000       83.6722   957291    4.59%
   3377     7       84.8074   647       80.0000       83.6722   960004    4.59%
   3378     8       84.0146   484       80.0000       83.6722   961550    4.59%
   3381     7       81.5363   496       80.0000       83.6722   961459    4.59%
Elapsed time = 72.57 sec. (114335.38 ticks, tree = 0.02 MB, solutions = 3)
   3384     7        cutoff             80.0000       83.6722   991543    4.59%
   3385     8       82.4472   546       80.0000       83.6722   973487    4.59%
   3390     9       85.0667   542       80.0000       83.6722   984576    4.59%
   3395     8       83.7390   393       80.0000       83.6722  1047446    4.59%
   3400    10       83.6292   356       80.0000       83.6722  1048353    4.59%
   3413    12       82.2491   460       80.0000       83.6722  1063635    4.59%
   3438    14       81.2923   331       80.0000       83.6722  1050372    4.59%
   3453    17        cutoff             80.0000       83.6722  1053870    4.59%
   3461    18       83.2817   370       80.0000       83.6722  1054617    4.59%
   3478    19       81.4606   421       80.0000       83.6722  1068133    4.59%
Elapsed time = 80.31 sec. (126727.58 ticks, tree = 0.04 MB, solutions = 3)
   3508    26       81.1233   336       80.0000       83.6722  1084722    4.59%
   3541    42       83.1429   414       80.0000       83.6722  1091348    4.59%
   3563    36       82.8275   302       80.0000       83.6722  1092840    4.59%
   3572    27       82.8564   416       80.0000       83.6722  1086039    4.59%
   3588    82       82.6489   388       80.0000       83.6722  1123835    4.59%
   3609    92       83.1207   390       80.0000       83.6722  1142999    4.59%
   3646    86       81.0000    46       80.0000       83.6722  1132492    4.59%
   3689    97        cutoff             80.0000       83.6722  1154394    4.59%
   3757   136       83.2341   298       80.0000       83.6722  1174684    4.59%
   3820   130       81.0000   151       80.0000       83.6722  1177062    4.59%
Elapsed time = 87.56 sec. (136581.80 ticks, tree = 0.25 MB, solutions = 3)
   3891   169       81.5196   338       80.0000       83.6722  1200453    4.59%
   3988   195       82.4857   174       80.0000       83.6722  1242022    4.59%
   4123   221       81.0477   423       80.0000       83.6722  1246782    4.59%
   4233   246       81.0000    37       80.0000       83.6722  1263386    4.59%
   4367   392       82.0425    71       80.0000       83.6722  1332358    4.59%
   4487   481       81.5068    66       80.0000       83.3075  1362349    4.13%
   4628   415       81.7422   187       80.0000       83.3075  1341072    4.13%
   4780   635       81.1957    41       80.0000       83.3067  1442346    4.13%
   4928   654       82.5995   265       80.0000       83.3067  1447185    4.13%
   5077   751       82.5667   415       80.0000       83.2977  1481762    4.12%
Elapsed time = 94.55 sec. (146215.15 ticks, tree = 2.23 MB, solutions = 3)
   5168   757        cutoff             80.0000       83.2977  1488322    4.12%
   5310   871        cutoff             80.0000       83.2913  1524871    4.11%
   5420  1032       82.5079   256       80.0000       83.2901  1576079    4.11%
   5560  1235       81.5975    65       80.0000       83.2878  1645052    4.11%
   5664  1371       83.1395   496       80.0000       83.2837  1718166    4.10%
   5798  1562       82.1025   167       80.0000       83.2733  1786078    4.09%
   5916  1606       82.4041   299       80.0000       83.2676  1813134    4.08%
   6021  1744       83.0877   318       80.0000       83.2665  1863018    4.08%
   6131  1821       81.1553    45       80.0000       83.2635  1889997    4.08%
   6564  2180       82.5379   313       80.0000       83.2521  2056998    4.07%
Elapsed time = 103.34 sec. (158765.84 ticks, tree = 7.77 MB, solutions = 3)
   6913  2388       81.5078   169       80.0000       83.2421  2167365    4.05%
   7259  2658       82.3357   187       80.0000       83.2341  2326659    4.04%
   7612  2946       81.6173    82       80.0000       83.2219  2501799    4.03%
   8014  3214       83.1448   392       80.0000       83.2060  2654698    4.01%
   8379  3377       81.0000   189       80.0000       83.2009  2748010    4.00%
   8635  3771        cutoff             80.0000       83.2009  2994787    4.00%
   8963  3931       81.3183   185       80.0000       83.1846  3101348    3.98%
   9302  4207        cutoff             80.0000       83.1768  3273332    3.97%
   9627  4369       82.8913   305       80.0000       83.1747  3390772    3.97%
   9939  4702       81.7738   171       80.0000       83.1693  3623518    3.96%
Elapsed time = 130.98 sec. (197002.38 ticks, tree = 17.60 MB, solutions = 3)
  10308  4977       81.0000    32       80.0000       83.1635  3801478    3.95%
  10568  5076       81.9829   230       80.0000       83.1587  3879612    3.95%
  10889  5285       82.7317   434       80.0000       83.1535  4052754    3.94%
  11145  5590       82.0000   264       80.0000       83.1514  4285262    3.94%
  11409  5723       82.1242   272       80.0000       83.1458  4383690    3.93%
  11717  5954       81.0000    45       80.0000       83.1408  4608855    3.93%
  12007  6104       81.4705   161       80.0000       83.1374  4739766    3.92%
  12243  6279       82.0489   296       80.0000       83.1337  4880027    3.92%
  12456  6503       83.0738   405       80.0000       83.1332  5092809    3.92%
  12629  6570       81.2684   123       80.0000       83.1283  5184509    3.91%
Elapsed time = 158.87 sec. (235288.60 ticks, tree = 24.58 MB, solutions = 3)
  12840  6752        cutoff             80.0000       83.1227  5417445    3.90%
  13115  6856       82.0000   204       80.0000       83.1194  5499419    3.90%
  13334  6962       81.0000    44       80.0000       83.1148  5619889    3.89%
  13503  7217       81.7523    84       80.0000       83.1120  5886512    3.89%
  13746  7252       82.8607   336       80.0000       83.1081  5926381    3.89%
  13939  7474       82.5356   284       80.0000       83.1077  6203135    3.88%
  14151  7540       81.0000    52       80.0000       83.1012  6275739    3.88%
  14336  7671       82.5830   350       80.0000       83.0975  6439091    3.87%
  14577  7829       81.0000    76       80.0000       83.0948  6637268    3.87%
  14808  7939       81.3277   203       80.0000       83.0911  6741392    3.86%
Elapsed time = 187.90 sec. (273747.20 ticks, tree = 29.58 MB, solutions = 3)
  15094  8206       82.8839   324       80.0000       83.0869  7046034    3.86%
  15349  8245       82.6241   401       80.0000       83.0834  7086393    3.85%
  15593  8440       82.5339   409       80.0000       83.0747  7294041    3.84%
  15816  8563       81.4325   429       80.0000       83.0697  7438564    3.84%
  16014  8765       82.1796   355       80.0000       83.0610  7692320    3.83%
  16232  8769       82.3817   328       80.0000       83.0559  7686825    3.82%
  16428  8941       81.1863   150       80.0000       83.0508  7897118    3.81%
  16623  9069       81.7468    90       80.0000       83.0432  8103699    3.80%
  16863  9144       82.1321   332       80.0000       83.0403  8247591    3.80%
  17044  9334       82.2274   287       80.0000       83.0333  8522288    3.79%
Elapsed time = 216.12 sec. (312013.24 ticks, tree = 34.96 MB, solutions = 3)
  17193  9459       82.2350   201       80.0000       83.0288  8701194    3.79%
  17389  9511       82.9353   339       80.0000       83.0265  8749563    3.78%
  17562  9601       81.0000    36       80.0000       83.0199  8916310    3.77%
  17758  9669       81.0000    57       80.0000       83.0169  9005643    3.77%
  17958  9783        cutoff             80.0000       83.0118  9211111    3.76%
  18186  9957       81.0000    32       80.0000       83.0096  9453479    3.76%
  18400 10155       81.0000   129       80.0000       83.0036  9699036    3.75%
  18580 10216       82.4849   326       80.0000       83.0000  9803884    3.75%
  18816 10363       81.2729   132       80.0000       83.0000 10041196    3.75%
  19032 10457        cutoff             80.0000       82.9975 10125530    3.75%
Elapsed time = 246.08 sec. (350480.25 ticks, tree = 38.98 MB, solutions = 3)
  19167 10594       82.3407   450       80.0000       82.9952 10342185    3.74%
  19377 10656       82.0650   294       80.0000       82.9824 10455227    3.73%
  19609 10676       82.0062   245       80.0000       82.9766 10478802    3.72%
  19803 10929       81.0000    26       80.0000       82.9722 10838708    3.72%
  20002 11063       82.5031   305       80.0000       82.9700 10980800    3.71%
  20172 11161       81.1834   476       80.0000       82.9670 11151614    3.71%
  20369 11281       81.2188   232       80.0000       82.9544 11325694    3.69%
  20522 11320       81.0000    22       80.0000       82.9502 11377877    3.69%
  20720 11388       81.0000    55       80.0000       82.9432 11519936    3.68%
  20918 11470       81.0000    94       80.0000       82.9343 11650554    3.67%
Elapsed time = 274.08 sec. (388929.78 ticks, tree = 42.61 MB, solutions = 3)
  21123 11610        cutoff             80.0000       82.9285 11860804    3.66%
  21327 11708       82.1161   155       80.0000       82.9227 11981747    3.65%
  21536 11779       81.6734   112       80.0000       82.9182 12087752    3.65%
  21727 11955       82.0000   129       80.0000       82.9086 12341479    3.64%
  21937 11996       81.0000    69       80.0000       82.9045 12398889    3.63%
  22092 12245       81.0000    21       80.0000       82.8922 12793238    3.62%
  22275 12225       81.0000    35       80.0000       82.8860 12746456    3.61%
  22556 12412       81.0000    54       80.0000       82.8816 13111841    3.60%
  22728 12420        cutoff             80.0000       82.8769 13131858    3.60%
  22947 12493       81.0457    75       80.0000       82.8705 13231253    3.59%
Elapsed time = 301.73 sec. (427308.88 ticks, tree = 46.34 MB, solutions = 3)
  23167 12729       81.3515    52       80.0000       82.8619 13504175    3.58%
  23378 12774       81.7683   156       80.0000       82.8583 13569158    3.57%
  23576 12986        cutoff             80.0000       82.8539 13938421    3.57%
  23720 12999       81.3379   100       80.0000       82.8478 13957981    3.56%
  23864 13035       81.2447   204       80.0000       82.8416 14014543    3.55%
  24044 13174        cutoff             80.0000       82.8362 14227612    3.55%
  24261 13352       81.3512    21       80.0000       82.8314 14592583    3.54%
  24420 13441       82.2656   219       80.0000       82.8299 14725616    3.54%
  24573 13403       81.9451   434       80.0000       82.8249 14673000    3.53%
  24732 13608       81.8184   115       80.0000       82.8133 15000708    3.52%
Elapsed time = 331.03 sec. (465689.61 ticks, tree = 50.36 MB, solutions = 3)
  24920 13740       81.5868   104       80.0000       82.8077 15213350    3.51%
  25103 13693       81.0000    39       80.0000       82.8040 15119830    3.50%
  25272 13872       81.9748   147       80.0000       82.7993 15433451    3.50%
  25466 13891       81.7979   182       80.0000       82.7928 15454701    3.49%
  25689 14086       81.0809   463       80.0000       82.7853 15841845    3.48%
  25930 14256        cutoff             80.0000       82.7780 16064671    3.47%
  26183 14132       81.0000    66       80.0000       82.7770 15925442    3.47%
  26386 14388       82.5485   375       80.0000       82.7693 16269451    3.46%
  26610 14451       82.1344   276       80.0000       82.7652 16313848    3.46%
  26870 14477       81.8185   126       80.0000       82.7576 16328041    3.45%
Elapsed time = 361.52 sec. (504029.02 ticks, tree = 57.82 MB, solutions = 3)
  27054 14584       81.7918   165       80.0000       82.7533 16468731    3.44%
  27312 14858       81.3333   142       80.0000       82.7450 16703333    3.43%
  27596 14846       81.1550   103       80.0000       82.7370 16689123    3.42%
  27851 15153       82.0874   287       80.0000       82.7338 17018573    3.42%
  28100 15149        cutoff             80.0000       82.7275 17000092    3.41%
  28316 15511       82.1736   238       80.0000       82.7238 17261797    3.40%
  28577 15542       81.0000    58       80.0000       82.7201 17276984    3.40%
  28819 15650       82.1706   281       80.0000       82.7134 17378887    3.39%
  29049 15761       81.8569   177       80.0000       82.7075 17483914    3.38%
  29304 15960       81.0000    43       80.0000       82.7037 17665267    3.38%
Elapsed time = 390.46 sec. (542453.67 ticks, tree = 94.61 MB, solutions = 3)
  29578 16041       82.5538   353       80.0000       82.7021 17745038    3.38%
  29865 16334       81.6239    88       80.0000       82.6984 17957658    3.37%
  30236 16408       82.0000   203       80.0000       82.6914 18037580    3.36%
  30531 16627       82.6731   292       80.0000       82.6881 18181476    3.36%
  30801 16453       81.0000    68       80.0000       82.6849 18067644    3.36%
  31032 16785       82.5287   336       80.0000       82.6809 18283583    3.35%
  31263 16802        cutoff             80.0000       82.6793 18299347    3.35%
  31531 17252       81.8749   247       80.0000       82.6759 18616852    3.34%
  31728 17224       81.0000   205       80.0000       82.6731 18593942    3.34%
  31950 17456       81.8062   133       80.0000       82.6678 18861777    3.33%
Elapsed time = 419.12 sec. (580996.25 ticks, tree = 139.51 MB, solutions = 3)
  32242 17415       81.0000    57       80.0000       82.6629 18802031    3.33%
  32513 17681       81.6824   121       80.0000       82.6617 19075152    3.33%
  32759 17877       82.3043   248       80.0000       82.6593 19193087    3.32%
  33054 17887       82.1970   281       80.0000       82.6529 19206020    3.32%
  33333 18243       82.0730   226       80.0000       82.6523 19429626    3.32%
  33576 18064       81.0000   115       80.0000       82.6511 19309130    3.31%
  33862 18503       82.0993   274       80.0000       82.6465 19622140    3.31%
  34105 18334       81.1127    82       80.0000       82.6456 19508153    3.31%
  34344 18606       81.7393   246       80.0000       82.6419 19729554    3.30%
  34663 18909       82.3139   467       80.0000       82.6384 19930289    3.30%
Elapsed time = 447.98 sec. (619334.22 ticks, tree = 181.24 MB, solutions = 3)
  35035 19029       81.1344   270       80.0000       82.6379 20065013    3.30%
  35312 19088       82.1979   393       80.0000       82.6356 20113185    3.29%
  35524 19506       82.1317   190       80.0000       82.6332 20350446    3.29%
  35745 19172       82.0000   193       80.0000       82.6317 20172806    3.29%
  36060 19707       81.4677   151       80.0000       82.6294 20487978    3.29%
  36246 19861        cutoff             80.0000       82.6249 20629011    3.28%
  36448 19931       81.9979   294       80.0000       82.6241 20682358    3.28%
  36724 20122       82.3806   162       80.0000       82.6205 20797836    3.28%
  36945 20026       81.7414   179       80.0000       82.6177 20743538    3.27%
  37166 20305       81.0000    57       80.0000       82.6160 21033898    3.27%
Elapsed time = 477.24 sec. (657851.00 ticks, tree = 229.53 MB, solutions = 3)
  37484 20392        cutoff             80.0000       82.6148 21119599    3.27%
  37699 20605       81.7559   413       80.0000       82.6101 21304515    3.26%
  37959 20622       81.0000    84       80.0000       82.6089 21315996    3.26%
  38258 20670       81.0000   115       80.0000       82.6077 21374762    3.26%
  38521 20815       82.3679   195       80.0000       82.6047 21468730    3.26%
  38688 20978       81.5665   521       80.0000       82.6035 21585849    3.25%
  39009 21163       81.0000    91       80.0000       82.6026 21724842    3.25%
  39376 21144       82.4938   336       80.0000       82.6007 21703214    3.25%
  39663 21273       82.0957   191       80.0000       82.5983 21791553    3.25%
  39942 21484       81.0000    35       80.0000       82.5947 22006005    3.24%
Elapsed time = 504.72 sec. (696362.90 ticks, tree = 261.48 MB, solutions = 3)
  40150 21450       81.9883   170       80.0000       82.5931 21976337    3.24%
  40400 21810       82.2567   259       80.0000       82.5890 22206104    3.24%
  40616 22113       81.3722   178       80.0000       82.5879 22499119    3.23%
  40804 22120       81.0000    56       80.0000       82.5870 22460876    3.23%
  41021 22236       82.4544   274       80.0000       82.5832 22645657    3.23%
  41236 22319       82.0362   345       80.0000       82.5824 22741704    3.23%
  41487 22502       82.2259   316       80.0000       82.5814 22990420    3.23%
  41798 22601       81.5946   246       80.0000       82.5792 23089802    3.22%
  42086 22583       81.2191   208       80.0000       82.5750 23061655    3.22%
  42333 22793       81.7315   276       80.0000       82.5735 23263823    3.22%
Elapsed time = 531.22 sec. (734944.41 ticks, tree = 295.04 MB, solutions = 3)
  42644 22685       82.4289   277       80.0000       82.5719 23132390    3.21%
  42982 23244       81.0000   147       80.0000       82.5699 23594735    3.21%
  43257 23164        cutoff             80.0000       82.5650 23517483    3.21%
  43549 23485       81.0000    43       80.0000       82.5638 23805457    3.20%
  43731 23235       81.0000    78       80.0000       82.5624 23578736    3.20%
  43987 23846       82.3919   267       80.0000       82.5606 24042965    3.20%
  44148 23916       81.0000    82       80.0000       82.5571 24108438    3.20%
  44300 23679       81.0148   313       80.0000       82.5571 23947647    3.20%
  44505 23826       82.0144   144       80.0000       82.5537 24032687    3.19%
  44728 24070       81.9780   110       80.0000       82.5442 24300296    3.18%
Elapsed time = 559.06 sec. (773292.13 ticks, tree = 342.05 MB, solutions = 3)
  44935 24254        cutoff             80.0000       82.5429 24475316    3.18%
  45173 24249       81.6430   156       80.0000       82.5392 24440311    3.17%
  45414 24269       81.7404   162       80.0000       82.5375 24503193    3.17%
  45662 24429       81.1344    85       80.0000       82.5312 24691723    3.16%
  45942 24427       82.2077   381       80.0000       82.5291 24658941    3.16%
  46226 24718       82.0712   435       80.0000       82.5254 24955244    3.16%
  46522 24635       82.0000   207       80.0000       82.5235 24919009    3.15%
  46890 24757       81.8310   257       80.0000       82.5210 24984677    3.15%
  47167 24933       81.0000   101       80.0000       82.5196 25180327    3.15%
  47420 24956       81.8147   178       80.0000       82.5158 25195438    3.14%
Elapsed time = 585.86 sec. (811740.22 ticks, tree = 364.91 MB, solutions = 3)
  47689 25369       81.7035   175       80.0000       82.5127 25491286    3.14%
  47920 25534        cutoff             80.0000       82.5110 25643509    3.14%
  48186 25554       82.1344   221       80.0000       82.5110 25656566    3.14%
  48389 25792       82.0328   179       80.0000       82.5087 25862380    3.14%
  48603 25968       81.1344   151       80.0000       82.5054 26074049    3.13%
  48833 25800       81.0980   267       80.0000       82.5034 25890473    3.13%
  49168 26112       81.0000    87       80.0000       82.5005 26191355    3.13%
  49458 26217       82.0000   237       80.0000       82.4993 26333954    3.12%
  49783 26500       81.1191   121       80.0000       82.4963 26525631    3.12%
  50018 26520       81.0000   116       80.0000       82.4929 26538315    3.12%
Elapsed time = 613.96 sec. (850084.43 ticks, tree = 404.48 MB, solutions = 3)
  50304 26535       81.0000   108       80.0000       82.4902 26551192    3.11%
  50565 26556        cutoff             80.0000       82.4881 26565703    3.11%
  50832 26965       81.4836   141       80.0000       82.4855 26889457    3.11%
  51139 26716       81.5610   114       80.0000       82.4847 26719896    3.11%
  51441 27157       82.4400   270       80.0000       82.4804 27058103    3.10%
  51679 27167       81.8273   118       80.0000       82.4787 27103773    3.10%
  51924 27323       82.0000   242       80.0000       82.4763 27218628    3.10%
  52188 27396        cutoff             80.0000       82.4763 27276444    3.10%
  52400 27454       81.0000    70       80.0000       82.4727 27339292    3.09%
  52731 27844       81.1317   143       80.0000       82.4700 27734247    3.09%
Elapsed time = 641.17 sec. (888482.17 ticks, tree = 438.15 MB, solutions = 3)
  53011 27766       81.0000   127       80.0000       82.4681 27651320    3.09%
  53336 27776       81.7733   431       80.0000       82.4665 27664690    3.08%
  53661 27865       82.0000   173       80.0000       82.4647 27724810    3.08%
  54089 28450       81.0000    67       80.0000       82.4598 28220109    3.07%

Log started (V22.1.1.0) Wed May 31 17:13:48 2023


Problem '/var/folders/9g/2ksh9gd11v39rwhxj0gl_49c0000gn/T/a87161d6675d4c759bd0b872a696e7e7-pulp.lp' read.
Read time = 0.41 sec. (8.46 ticks)
Version identifier: 22.1.1.0 | 2022-11-28 | 9160aff4d
Found incumbent of value 0.000000 after 0.00 sec. (2.09 ticks)
Tried aggregator 2 times.
MIP Presolve eliminated 67629 rows and 67591 columns.
MIP Presolve modified 2212 coefficients.
Aggregator did 360 substitutions.
Reduced MIP has 4617 rows, 4514 columns, and 16664 nonzeros.
Reduced MIP has 2624 binaries, 1890 generals, 0 SOSs, and 0 indicators.
Presolve time = 0.72 sec. (91.01 ticks)
Probing fixed 0 vars, tightened 600 bounds.
Probing time = 0.03 sec. (20.88 ticks)
Tried aggregator 2 times.
MIP Presolve eliminated 425 rows and 421 columns.
MIP Presolve modified 423 coefficients.
Aggregator did 210 substitutions.
Reduced MIP has 3982 rows, 3883 columns, and 14443 nonzeros.
Reduced MIP has 2413 binaries, 1470 generals, 0 SOSs, and 0 indicators.
Presolve time = 0.06 sec. (19.28 ticks)
Probing time = 0.00 sec. (3.82 ticks)
Tried aggregator 1 time.
Detecting symmetries...
Reduced MIP has 3982 rows, 3883 columns, and 14443 nonzeros.
Reduced MIP has 2413 binaries, 1470 generals, 0 SOSs, and 0 indicators.
Presolve time = 0.03 sec. (15.09 ticks)
Probing time = 0.00 sec. (3.82 ticks)
Clique table members: 2124.
MIP emphasis: balance optimality and feasibility.
MIP search method: dynamic search.
Parallel mode: deterministic, using up to 8 threads.
Root relaxation solution time = 0.06 sec. (134.11 ticks)

        Nodes                                         Cuts/
   Node  Left     Objective  IInf  Best Integer    Best Bound    ItCnt     Gap

*     0+    0                            0.0000     4800.0000              --- 
      0     0      122.3726   625        0.0000      122.3726     1172     --- 
*     0+    0                           79.0000      122.3726            54.90%
      0     0      106.1592  1173       79.0000     Cuts: 134     3417   34.38%
      0     0       93.2008   851       79.0000     Cuts: 106     5048   17.98%
      0     0       92.5870   834       79.0000      Cuts: 91     7188   17.20%
      0     0       92.1462   619       79.0000     Cuts: 101     8870   16.64%
      0     0       91.8890   673       79.0000      Cuts: 96    10874   16.32%
      0     0       91.5109   648       79.0000     Cuts: 112    12757   15.84%
      0     0       91.3461   815       79.0000      Cuts: 90    17081   15.63%
      0     0       90.6589   724       79.0000      Cuts: 90    19612   14.76%
      0     0       90.4071   660       79.0000     Cuts: 102    21297   14.44%
      0     0       90.2700   766       79.0000      Cuts: 94    22392   14.27%
      0     0       90.1098   719       79.0000      Cuts: 95    23504   14.06%
      0     0       89.9083   796       79.0000      Cuts: 87    25026   13.81%
      0     0       89.7475   871       79.0000      Cuts: 89    26525   13.60%
      0     0       89.6367   805       79.0000      Cuts: 73    27842   13.46%
      0     0       89.5446   927       79.0000      Cuts: 77    29036   13.35%
      0     0       89.4705   909       79.0000      Cuts: 78    30032   13.25%
      0     0       89.3884   913       79.0000      Cuts: 75    31173   13.15%
      0     0       89.2327   944       79.0000      Cuts: 72    32428   12.95%
      0     0       89.1793   965       79.0000      Cuts: 68    33353   12.89%
      0     0       89.1381   945       79.0000      Cuts: 60    34139   12.83%
      0     0       89.1187  1000       79.0000      Cuts: 60    34862   12.81%
      0     0       89.0854   973       79.0000      Cuts: 57    35680   12.77%
      0     0       89.0429   983       79.0000      Cuts: 61    36688   12.71%
      0     0       89.0016   975       79.0000      Cuts: 60    37722   12.66%
      0     0       88.9790   996       79.0000      Cuts: 49    38412   12.63%
*     0+    0                           80.0000       88.9790            11.22%
      0     0       88.9622  1020       80.0000      Cuts: 39    39127   11.20%
      0     0       88.9411  1013       80.0000      Cuts: 45    39993   11.18%
      0     2       88.9411  1013       80.0000       88.9411    39993   11.18%
Elapsed time = 14.98 sec. (21929.50 ticks, tree = 0.02 MB, solutions = 3)
      1     3       86.5083   888       80.0000       88.9404    41999   11.18%
      2     4       86.4772   885       80.0000       88.9404    42484   11.18%
      4     5       86.3154   862       80.0000       88.9404    43369   11.18%
      7     9       85.4973   863       80.0000       88.9404    47923   11.18%
     10     5       85.5892   876       80.0000       88.9404    44040   11.18%
     16    16       82.7412   365       80.0000       87.2009    56856    9.00%
     31    16       84.3860   858       80.0000       87.2009    58532    9.00%
     39    15       83.7235   657       80.0000       87.2009    55802    9.00%
     46    26        cutoff             80.0000       87.2009    82161    9.00%
     69    17       81.9845   455       80.0000       86.6834    80871    8.35%
Elapsed time = 17.70 sec. (26490.32 ticks, tree = 0.21 MB, solutions = 3)
     87    23       83.8132   774       80.0000       85.6880   114812    7.11%
    127    25       83.6525   719       80.0000       85.6880   130634    7.11%
    166    26       83.6600   717       80.0000       85.6880   158505    7.11%
    213    62       81.2346   349       80.0000       85.6880   181979    7.11%
    282   113       85.5472   792       80.0000       85.6880   202292    7.11%
    375   172       83.4352   393       80.0000       85.6443   224783    7.06%
    479   203       85.6395   807       80.0000       85.6395   235015    7.05%
    530   302       83.4677   454       80.0000       85.6387   265208    7.05%
    634   329       82.3525   127       80.0000       85.6387   272883    7.05%
    732   417       82.7840   333       80.0000       85.6387   295973    7.05%
Elapsed time = 23.88 sec. (36307.25 ticks, tree = 7.54 MB, solutions = 3)
    858   450        cutoff             80.0000       85.6197   309326    7.02%

Log started (V22.1.1.0) Wed May 31 17:14:32 2023


Problem '/var/folders/9g/2ksh9gd11v39rwhxj0gl_49c0000gn/T/9b2bab52eb894513ae747637f2608e23-pulp.lp' read.
Read time = 0.37 sec. (8.46 ticks)
Version identifier: 22.1.1.0 | 2022-11-28 | 9160aff4d
Found incumbent of value 0.000000 after 0.00 sec. (2.09 ticks)
Tried aggregator 2 times.
MIP Presolve eliminated 67629 rows and 67591 columns.
MIP Presolve modified 2212 coefficients.
Aggregator did 360 substitutions.
Reduced MIP has 4617 rows, 4514 columns, and 16664 nonzeros.
Reduced MIP has 2624 binaries, 1890 generals, 0 SOSs, and 0 indicators.
Presolve time = 0.72 sec. (91.01 ticks)
Probing fixed 0 vars, tightened 600 bounds.
Probing time = 0.03 sec. (20.88 ticks)
Tried aggregator 2 times.
MIP Presolve eliminated 425 rows and 421 columns.
MIP Presolve modified 423 coefficients.
Aggregator did 210 substitutions.
Reduced MIP has 3982 rows, 3883 columns, and 14443 nonzeros.
Reduced MIP has 2413 binaries, 1470 generals, 0 SOSs, and 0 indicators.
Presolve time = 0.06 sec. (19.28 ticks)
Probing time = 0.00 sec. (3.82 ticks)
Tried aggregator 1 time.
Detecting symmetries...
Reduced MIP has 3982 rows, 3883 columns, and 14443 nonzeros.
Reduced MIP has 2413 binaries, 1470 generals, 0 SOSs, and 0 indicators.
Presolve time = 0.03 sec. (15.09 ticks)
Probing time = 0.00 sec. (3.82 ticks)
Clique table members: 2124.
MIP emphasis: balance optimality and feasibility.
MIP search method: dynamic search.
Parallel mode: deterministic, using up to 8 threads.
Root relaxation solution time = 0.06 sec. (134.11 ticks)

        Nodes                                         Cuts/
   Node  Left     Objective  IInf  Best Integer    Best Bound    ItCnt     Gap

*     0+    0                            0.0000     4800.0000              --- 
      0     0      122.3726   625        0.0000      122.3726     1172     --- 
*     0+    0                           79.0000      122.3726            54.90%
      0     0      106.1592  1173       79.0000     Cuts: 134     3417   34.38%
      0     0       93.2008   851       79.0000     Cuts: 106     5048   17.98%
      0     0       92.5870   834       79.0000      Cuts: 91     7188   17.20%
      0     0       92.1462   619       79.0000     Cuts: 101     8870   16.64%
      0     0       91.8890   673       79.0000      Cuts: 96    10874   16.32%
      0     0       91.5109   648       79.0000     Cuts: 112    12757   15.84%
      0     0       91.3461   815       79.0000      Cuts: 90    17081   15.63%
      0     0       90.6589   724       79.0000      Cuts: 90    19612   14.76%
      0     0       90.4071   660       79.0000     Cuts: 102    21297   14.44%
      0     0       90.2700   766       79.0000      Cuts: 94    22392   14.27%
      0     0       90.1098   719       79.0000      Cuts: 95    23504   14.06%
      0     0       89.9083   796       79.0000      Cuts: 87    25026   13.81%
      0     0       89.7475   871       79.0000      Cuts: 89    26525   13.60%
      0     0       89.6367   805       79.0000      Cuts: 73    27842   13.46%
      0     0       89.5446   927       79.0000      Cuts: 77    29036   13.35%
      0     0       89.4705   909       79.0000      Cuts: 78    30032   13.25%
      0     0       89.3884   913       79.0000      Cuts: 75    31173   13.15%
      0     0       89.2327   944       79.0000      Cuts: 72    32428   12.95%
      0     0       89.1793   965       79.0000      Cuts: 68    33353   12.89%
      0     0       89.1381   945       79.0000      Cuts: 60    34139   12.83%
      0     0       89.1187  1000       79.0000      Cuts: 60    34862   12.81%
      0     0       89.0854   973       79.0000      Cuts: 57    35680   12.77%
      0     0       89.0429   983       79.0000      Cuts: 61    36688   12.71%
      0     0       89.0016   975       79.0000      Cuts: 60    37722   12.66%
      0     0       88.9790   996       79.0000      Cuts: 49    38412   12.63%
*     0+    0                           80.0000       88.9790            11.22%
      0     0       88.9622  1020       80.0000      Cuts: 39    39127   11.20%
      0     0       88.9411  1013       80.0000      Cuts: 45    39993   11.18%
      0     2       88.9411  1013       80.0000       88.9411    39993   11.18%
Elapsed time = 14.97 sec. (21929.50 ticks, tree = 0.02 MB, solutions = 3)
      1     3       86.5083   888       80.0000       88.9404    41999   11.18%
      2     4       86.4772   885       80.0000       88.9404    42484   11.18%
      4     5       86.3154   862       80.0000       88.9404    43369   11.18%
      7     9       85.4973   863       80.0000       88.9404    47923   11.18%
     10     5       85.5892   876       80.0000       88.9404    44040   11.18%
     16    16       82.7412   365       80.0000       87.2009    56856    9.00%
     31    16       84.3860   858       80.0000       87.2009    58532    9.00%
     39    15       83.7235   657       80.0000       87.2009    55802    9.00%
     46    26        cutoff             80.0000       87.2009    82161    9.00%
     69    17       81.9845   455       80.0000       86.6834    80871    8.35%
Elapsed time = 17.75 sec. (26490.32 ticks, tree = 0.21 MB, solutions = 3)
     87    23       83.8132   774       80.0000       85.6880   114812    7.11%
    127    25       83.6525   719       80.0000       85.6880   130634    7.11%
    166    26       83.6600   717       80.0000       85.6880   158505    7.11%
    213    62       81.2346   349       80.0000       85.6880   181979    7.11%
    282   113       85.5472   792       80.0000       85.6880   202292    7.11%
    375   172       83.4352   393       80.0000       85.6443   224783    7.06%
    479   203       85.6395   807       80.0000       85.6395   235015    7.05%
    530   302       83.4677   454       80.0000       85.6387   265208    7.05%
    634   329       82.3525   127       80.0000       85.6387   272883    7.05%
    732   417       82.7840   333       80.0000       85.6387   295973    7.05%
Elapsed time = 24.00 sec. (36307.25 ticks, tree = 7.54 MB, solutions = 3)
    858   450        cutoff             80.0000       85.6197   309326    7.02%
    935   550       85.4151   722       80.0000       85.6197   332961    7.02%
   1024   626       81.0470    29       80.0000       85.5321   349904    6.92%
   1132   724       83.4750   483       80.0000       85.4721   388041    6.84%
   1212   742       81.3404   341       80.0000       85.4721   391643    6.84%
   1285   791       81.9962    56       80.0000       85.4523   408368    6.82%
   1356   862       82.1549   513       80.0000       85.4097   440213    6.76%
   1419   877       81.0260   168       80.0000       85.3809   443200    6.73%
   1487   953       82.0617   560       80.0000       85.3504   477776    6.69%
   1568   959       83.5247   463       80.0000       85.3366   480554    6.67%
Elapsed time = 30.35 sec. (45904.60 ticks, tree = 18.79 MB, solutions = 3)
   1689  1036       81.8200   622       80.0000       85.2752   515751    6.59%
   1746  1044       81.3003   376       80.0000       85.1996   521303    6.50%
   1835  1096       81.1288   353       80.0000       85.1996   534835    6.50%
   1898  1179       81.6187   521       80.0000       84.0835   581360    5.10%
   1956  1210       81.4376   520       80.0000       84.0199   593522    5.02%
   2010  1254       81.1946   358       80.0000       83.9038   617487    4.88%
   2104  1282       81.2322   507       80.0000       83.7256   642641    4.66%
   2158  1338       83.6528   581       80.0000       83.7184   663021    4.65%
   2267  1374       82.6536   241       80.0000       83.7034   682315    4.63%
   2371  1434       83.4583   505       80.0000       83.7016   707808    4.63%
Elapsed time = 36.69 sec. (55591.15 ticks, tree = 33.33 MB, solutions = 3)
   2475  1484       81.0000   155       80.0000       83.7016   719947    4.63%
   2601  1558       81.0000    34       80.0000       83.6911   735182    4.61%
   2725  1598       81.0686    84       80.0000       83.6911   744802    4.61%
   2857  1682       82.5579   242       80.0000       83.6897   783916    4.61%
   3010  1716       82.0260    73       80.0000       83.6897   789802    4.61%
   3117  1907       82.0000   352       80.0000       83.6768   826278    4.60%
   3217  2039       81.6870   298       80.0000       83.6753   859654    4.59%
   3299  2085       83.5502   640       80.0000       83.6729   876024    4.59%
   3361  2112       82.0294   658       80.0000       83.6729   879509    4.59%
   3362  1977       81.0889   629       80.0000       83.6729   855334    4.59%
Elapsed time = 42.58 sec. (65490.73 ticks, tree = 52.81 MB, solutions = 3)

Performing restart 1

Repeating presolve.
Tried aggregator 1 time.
Reduced MIP has 3982 rows, 3883 columns, and 14443 nonzeros.
Reduced MIP has 2413 binaries, 1470 generals, 0 SOSs, and 0 indicators.
Presolve time = 0.03 sec. (8.46 ticks)
Tried aggregator 1 time.
Reduced MIP has 3982 rows, 3883 columns, and 14443 nonzeros.
Reduced MIP has 2413 binaries, 1470 generals, 0 SOSs, and 0 indicators.
Presolve time = 0.03 sec. (15.37 ticks)
Represolve time = 0.25 sec. (121.26 ticks)
   3363     0       88.1929   855       80.0000     Cuts: 167   931410    4.59%
   3363     0       87.7798   589       80.0000     Cuts: 176   934724    4.59%
   3363     0       87.3695   603       80.0000     Cuts: 140   936999    4.59%
   3363     0       87.0516   626       80.0000     Cuts: 132   939279    4.59%
   3363     0       86.9184   666       80.0000     Cuts: 149   941626    4.59%
   3363     0       86.6648   700       80.0000     Cuts: 141   944487    4.59%
   3363     2       86.6648   696       80.0000       83.6722   944487    4.59%
   3364     3       85.0731   565       80.0000       83.6722   947722    4.59%
   3366     4       84.0063   507       80.0000       83.6722   950590    4.59%
   3369     5       86.5896   676       80.0000       83.6722   950462    4.59%
   3370     5       85.0747   573       80.0000       83.6722   952207    4.59%
   3371     5       83.1327   576       80.0000       83.6722   957769    4.59%
   3375     5       83.2146   580       80.0000       83.6722   957291    4.59%
   3377     7       84.8074   647       80.0000       83.6722   960004    4.59%
   3378     8       84.0146   484       80.0000       83.6722   961550    4.59%
   3381     7       81.5363   496       80.0000       83.6722   961459    4.59%
Elapsed time = 70.83 sec. (114335.38 ticks, tree = 0.02 MB, solutions = 3)
   3384     7        cutoff             80.0000       83.6722   991543    4.59%
   3385     8       82.4472   546       80.0000       83.6722   973487    4.59%
   3390     9       85.0667   542       80.0000       83.6722   984576    4.59%
   3395     8       83.7390   393       80.0000       83.6722  1047446    4.59%
   3400    10       83.6292   356       80.0000       83.6722  1048353    4.59%
   3413    12       82.2491   460       80.0000       83.6722  1063635    4.59%
   3438    14       81.2923   331       80.0000       83.6722  1050372    4.59%
   3453    17        cutoff             80.0000       83.6722  1053870    4.59%
   3461    18       83.2817   370       80.0000       83.6722  1054617    4.59%
   3478    19       81.4606   421       80.0000       83.6722  1068133    4.59%
Elapsed time = 77.98 sec. (126727.58 ticks, tree = 0.04 MB, solutions = 3)
   3508    26       81.1233   336       80.0000       83.6722  1084722    4.59%
   3541    42       83.1429   414       80.0000       83.6722  1091348    4.59%
   3563    36       82.8275   302       80.0000       83.6722  1092840    4.59%
   3572    27       82.8564   416       80.0000       83.6722  1086039    4.59%
   3588    82       82.6489   388       80.0000       83.6722  1123835    4.59%
   3609    92       83.1207   390       80.0000       83.6722  1142999    4.59%
   3646    86       81.0000    46       80.0000       83.6722  1132492    4.59%
   3689    97        cutoff             80.0000       83.6722  1154394    4.59%
   3757   136       83.2341   298       80.0000       83.6722  1174684    4.59%
   3820   130       81.0000   151       80.0000       83.6722  1177062    4.59%
Elapsed time = 84.64 sec. (136581.80 ticks, tree = 0.25 MB, solutions = 3)
   3891   169       81.5196   338       80.0000       83.6722  1200453    4.59%
   3988   195       82.4857   174       80.0000       83.6722  1242022    4.59%
   4123   221       81.0477   423       80.0000       83.6722  1246782    4.59%
   4233   246       81.0000    37       80.0000       83.6722  1263386    4.59%
   4367   392       82.0425    71       80.0000       83.6722  1332358    4.59%
   4487   481       81.5068    66       80.0000       83.3075  1362349    4.13%
   4628   415       81.7422   187       80.0000       83.3075  1341072    4.13%
   4780   635       81.1957    41       80.0000       83.3067  1442346    4.13%
   4928   654       82.5995   265       80.0000       83.3067  1447185    4.13%
   5077   751       82.5667   415       80.0000       83.2977  1481762    4.12%
Elapsed time = 91.60 sec. (146215.15 ticks, tree = 2.23 MB, solutions = 3)
   5168   757        cutoff             80.0000       83.2977  1488322    4.12%
   5310   871        cutoff             80.0000       83.2913  1524871    4.11%
   5420  1032       82.5079   256       80.0000       83.2901  1576079    4.11%
   5560  1235       81.5975    65       80.0000       83.2878  1645052    4.11%
   5664  1371       83.1395   496       80.0000       83.2837  1718166    4.10%
   5798  1562       82.1025   167       80.0000       83.2733  1786078    4.09%
   5916  1606       82.4041   299       80.0000       83.2676  1813134    4.08%
   6021  1744       83.0877   318       80.0000       83.2665  1863018    4.08%
   6131  1821       81.1553    45       80.0000       83.2635  1889997    4.08%
   6564  2180       82.5379   313       80.0000       83.2521  2056998    4.07%
Elapsed time = 100.36 sec. (158765.84 ticks, tree = 7.77 MB, solutions = 3)
   6913  2388       81.5078   169       80.0000       83.2421  2167365    4.05%
   7259  2658       82.3357   187       80.0000       83.2341  2326659    4.04%
   7612  2946       81.6173    82       80.0000       83.2219  2501799    4.03%
   8014  3214       83.1448   392       80.0000       83.2060  2654698    4.01%
   8379  3377       81.0000   189       80.0000       83.2009  2748010    4.00%
   8635  3771        cutoff             80.0000       83.2009  2994787    4.00%
   8963  3931       81.3183   185       80.0000       83.1846  3101348    3.98%
   9302  4207        cutoff             80.0000       83.1768  3273332    3.97%
   9627  4369       82.8913   305       80.0000       83.1747  3390772    3.97%
   9939  4702       81.7738   171       80.0000       83.1693  3623518    3.96%
Elapsed time = 127.47 sec. (197002.38 ticks, tree = 17.60 MB, solutions = 3)
  10308  4977       81.0000    32       80.0000       83.1635  3801478    3.95%
  10568  5076       81.9829   230       80.0000       83.1587  3879612    3.95%
  10889  5285       82.7317   434       80.0000       83.1535  4052754    3.94%
  11145  5590       82.0000   264       80.0000       83.1514  4285262    3.94%
  11409  5723       82.1242   272       80.0000       83.1458  4383690    3.93%
  11717  5954       81.0000    45       80.0000       83.1408  4608855    3.93%
  12007  6104       81.4705   161       80.0000       83.1374  4739766    3.92%
  12243  6279       82.0489   296       80.0000       83.1337  4880027    3.92%
  12456  6503       83.0738   405       80.0000       83.1332  5092809    3.92%
  12629  6570       81.2684   123       80.0000       83.1283  5184509    3.91%
Elapsed time = 154.82 sec. (235288.60 ticks, tree = 24.58 MB, solutions = 3)
  12840  6752        cutoff             80.0000       83.1227  5417445    3.90%
  13115  6856       82.0000   204       80.0000       83.1194  5499419    3.90%
  13334  6962       81.0000    44       80.0000       83.1148  5619889    3.89%
  13503  7217       81.7523    84       80.0000       83.1120  5886512    3.89%
  13746  7252       82.8607   336       80.0000       83.1081  5926381    3.89%
  13939  7474       82.5356   284       80.0000       83.1077  6203135    3.88%
  14151  7540       81.0000    52       80.0000       83.1012  6275739    3.88%
  14336  7671       82.5830   350       80.0000       83.0975  6439091    3.87%
  14577  7829       81.0000    76       80.0000       83.0948  6637268    3.87%
  14808  7939       81.3277   203       80.0000       83.0911  6741392    3.86%
Elapsed time = 182.65 sec. (273747.20 ticks, tree = 29.58 MB, solutions = 3)
  15094  8206       82.8839   324       80.0000       83.0869  7046034    3.86%
  15349  8245       82.6241   401       80.0000       83.0834  7086393    3.85%
  15593  8440       82.5339   409       80.0000       83.0747  7294041    3.84%
  15816  8563       81.4325   429       80.0000       83.0697  7438564    3.84%
  16014  8765       82.1796   355       80.0000       83.0610  7692320    3.83%
  16232  8769       82.3817   328       80.0000       83.0559  7686825    3.82%
  16428  8941       81.1863   150       80.0000       83.0508  7897118    3.81%
  16623  9069       81.7468    90       80.0000       83.0432  8103699    3.80%
  16863  9144       82.1321   332       80.0000       83.0403  8247591    3.80%
  17044  9334       82.2274   287       80.0000       83.0333  8522288    3.79%
Elapsed time = 210.03 sec. (312013.24 ticks, tree = 34.96 MB, solutions = 3)
  17193  9459       82.2350   201       80.0000       83.0288  8701194    3.79%
  17389  9511       82.9353   339       80.0000       83.0265  8749563    3.78%
  17562  9601       81.0000    36       80.0000       83.0199  8916310    3.77%
  17758  9669       81.0000    57       80.0000       83.0169  9005643    3.77%
  17958  9783        cutoff             80.0000       83.0118  9211111    3.76%

Log started (V22.1.1.0) Wed May 31 17:19:51 2023


Problem '/var/folders/9g/2ksh9gd11v39rwhxj0gl_49c0000gn/T/e8563ad7a3b345bda125e830eb18be4b-pulp.lp' read.
Read time = 0.40 sec. (8.46 ticks)
Version identifier: 22.1.1.0 | 2022-11-28 | 9160aff4d
Found incumbent of value 0.000000 after 0.00 sec. (2.09 ticks)
Tried aggregator 2 times.
MIP Presolve eliminated 67629 rows and 67591 columns.
MIP Presolve modified 2212 coefficients.
Aggregator did 360 substitutions.
Reduced MIP has 4617 rows, 4514 columns, and 16664 nonzeros.
Reduced MIP has 2624 binaries, 1890 generals, 0 SOSs, and 0 indicators.
Presolve time = 0.74 sec. (91.01 ticks)
Probing fixed 0 vars, tightened 600 bounds.
Probing time = 0.03 sec. (20.88 ticks)
Tried aggregator 2 times.
MIP Presolve eliminated 425 rows and 421 columns.
MIP Presolve modified 423 coefficients.
Aggregator did 210 substitutions.
Reduced MIP has 3982 rows, 3883 columns, and 14443 nonzeros.
Reduced MIP has 2413 binaries, 1470 generals, 0 SOSs, and 0 indicators.
Presolve time = 0.06 sec. (19.28 ticks)
Probing time = 0.01 sec. (3.82 ticks)
Tried aggregator 1 time.
Detecting symmetries...
Reduced MIP has 3982 rows, 3883 columns, and 14443 nonzeros.
Reduced MIP has 2413 binaries, 1470 generals, 0 SOSs, and 0 indicators.
Presolve time = 0.03 sec. (15.09 ticks)
Probing time = 0.00 sec. (3.82 ticks)
Clique table members: 2124.
MIP emphasis: balance optimality and feasibility.
MIP search method: dynamic search.
Parallel mode: deterministic, using up to 8 threads.
Root relaxation solution time = 0.06 sec. (134.11 ticks)

        Nodes                                         Cuts/
   Node  Left     Objective  IInf  Best Integer    Best Bound    ItCnt     Gap

*     0+    0                            0.0000     4800.0000              --- 
      0     0      122.3726   625        0.0000      122.3726     1172     --- 
*     0+    0                           79.0000      122.3726            54.90%
      0     0      106.1592  1173       79.0000     Cuts: 134     3417   34.38%
      0     0       93.2008   851       79.0000     Cuts: 106     5048   17.98%
      0     0       92.5870   834       79.0000      Cuts: 91     7188   17.20%
      0     0       92.1462   619       79.0000     Cuts: 101     8870   16.64%
      0     0       91.8890   673       79.0000      Cuts: 96    10874   16.32%
      0     0       91.5109   648       79.0000     Cuts: 112    12757   15.84%
      0     0       91.3461   815       79.0000      Cuts: 90    17081   15.63%
      0     0       90.6589   724       79.0000      Cuts: 90    19612   14.76%
      0     0       90.4071   660       79.0000     Cuts: 102    21297   14.44%
      0     0       90.2700   766       79.0000      Cuts: 94    22392   14.27%
      0     0       90.1098   719       79.0000      Cuts: 95    23504   14.06%
      0     0       89.9083   796       79.0000      Cuts: 87    25026   13.81%
      0     0       89.7475   871       79.0000      Cuts: 89    26525   13.60%
      0     0       89.6367   805       79.0000      Cuts: 73    27842   13.46%
      0     0       89.5446   927       79.0000      Cuts: 77    29036   13.35%
      0     0       89.4705   909       79.0000      Cuts: 78    30032   13.25%
      0     0       89.3884   913       79.0000      Cuts: 75    31173   13.15%
      0     0       89.2327   944       79.0000      Cuts: 72    32428   12.95%
      0     0       89.1793   965       79.0000      Cuts: 68    33353   12.89%
      0     0       89.1381   945       79.0000      Cuts: 60    34139   12.83%
      0     0       89.1187  1000       79.0000      Cuts: 60    34862   12.81%
      0     0       89.0854   973       79.0000      Cuts: 57    35680   12.77%
      0     0       89.0429   983       79.0000      Cuts: 61    36688   12.71%
      0     0       89.0016   975       79.0000      Cuts: 60    37722   12.66%
      0     0       88.9790   996       79.0000      Cuts: 49    38412   12.63%
*     0+    0                           80.0000       88.9790            11.22%
      0     0       88.9622  1020       80.0000      Cuts: 39    39127   11.20%
      0     0       88.9411  1013       80.0000      Cuts: 45    39993   11.18%
      0     2       88.9411  1013       80.0000       88.9411    39993   11.18%
Elapsed time = 15.40 sec. (21929.50 ticks, tree = 0.02 MB, solutions = 3)
      1     3       86.5083   888       80.0000       88.9404    41999   11.18%
      2     4       86.4772   885       80.0000       88.9404    42484   11.18%
      4     5       86.3154   862       80.0000       88.9404    43369   11.18%
      7     9       85.4973   863       80.0000       88.9404    47923   11.18%
     10     5       85.5892   876       80.0000       88.9404    44040   11.18%
     16    16       82.7412   365       80.0000       87.2009    56856    9.00%
     31    16       84.3860   858       80.0000       87.2009    58532    9.00%
     39    15       83.7235   657       80.0000       87.2009    55802    9.00%
     46    26        cutoff             80.0000       87.2009    82161    9.00%
     69    17       81.9845   455       80.0000       86.6834    80871    8.35%
Elapsed time = 18.09 sec. (26490.32 ticks, tree = 0.21 MB, solutions = 3)
     87    23       83.8132   774       80.0000       85.6880   114812    7.11%
    127    25       83.6525   719       80.0000       85.6880   130634    7.11%
    166    26       83.6600   717       80.0000       85.6880   158505    7.11%
    213    62       81.2346   349       80.0000       85.6880   181979    7.11%
    282   113       85.5472   792       80.0000       85.6880   202292    7.11%
    375   172       83.4352   393       80.0000       85.6443   224783    7.06%
    479   203       85.6395   807       80.0000       85.6395   235015    7.05%
    530   302       83.4677   454       80.0000       85.6387   265208    7.05%
    634   329       82.3525   127       80.0000       85.6387   272883    7.05%
    732   417       82.7840   333       80.0000       85.6387   295973    7.05%
Elapsed time = 24.45 sec. (36307.25 ticks, tree = 7.54 MB, solutions = 3)
    858   450        cutoff             80.0000       85.6197   309326    7.02%
    935   550       85.4151   722       80.0000       85.6197   332961    7.02%
   1024   626       81.0470    29       80.0000       85.5321   349904    6.92%
   1132   724       83.4750   483       80.0000       85.4721   388041    6.84%
   1212   742       81.3404   341       80.0000       85.4721   391643    6.84%
   1285   791       81.9962    56       80.0000       85.4523   408368    6.82%
   1356   862       82.1549   513       80.0000       85.4097   440213    6.76%
   1419   877       81.0260   168       80.0000       85.3809   443200    6.73%
   1487   953       82.0617   560       80.0000       85.3504   477776    6.69%
   1568   959       83.5247   463       80.0000       85.3366   480554    6.67%
Elapsed time = 31.05 sec. (45904.60 ticks, tree = 18.79 MB, solutions = 3)
   1689  1036       81.8200   622       80.0000       85.2752   515751    6.59%
   1746  1044       81.3003   376       80.0000       85.1996   521303    6.50%
   1835  1096       81.1288   353       80.0000       85.1996   534835    6.50%
   1898  1179       81.6187   521       80.0000       84.0835   581360    5.10%
   1956  1210       81.4376   520       80.0000       84.0199   593522    5.02%
   2010  1254       81.1946   358       80.0000       83.9038   617487    4.88%
   2104  1282       81.2322   507       80.0000       83.7256   642641    4.66%
   2158  1338       83.6528   581       80.0000       83.7184   663021    4.65%
   2267  1374       82.6536   241       80.0000       83.7034   682315    4.63%
   2371  1434       83.4583   505       80.0000       83.7016   707808    4.63%
Elapsed time = 37.28 sec. (55591.15 ticks, tree = 33.33 MB, solutions = 3)
   2475  1484       81.0000   155       80.0000       83.7016   719947    4.63%
   2601  1558       81.0000    34       80.0000       83.6911   735182    4.61%
   2725  1598       81.0686    84       80.0000       83.6911   744802    4.61%
   2857  1682       82.5579   242       80.0000       83.6897   783916    4.61%
   3010  1716       82.0260    73       80.0000       83.6897   789802    4.61%
   3117  1907       82.0000   352       80.0000       83.6768   826278    4.60%
   3217  2039       81.6870   298       80.0000       83.6753   859654    4.59%
   3299  2085       83.5502   640       80.0000       83.6729   876024    4.59%
   3361  2112       82.0294   658       80.0000       83.6729   879509    4.59%
   3362  1977       81.0889   629       80.0000       83.6729   855334    4.59%
Elapsed time = 43.18 sec. (65490.73 ticks, tree = 52.81 MB, solutions = 3)

Performing restart 1

Repeating presolve.
Tried aggregator 1 time.
Reduced MIP has 3982 rows, 3883 columns, and 14443 nonzeros.
Reduced MIP has 2413 binaries, 1470 generals, 0 SOSs, and 0 indicators.
Presolve time = 0.03 sec. (8.46 ticks)
Tried aggregator 1 time.
Reduced MIP has 3982 rows, 3883 columns, and 14443 nonzeros.
Reduced MIP has 2413 binaries, 1470 generals, 0 SOSs, and 0 indicators.
Presolve time = 0.03 sec. (15.37 ticks)
Represolve time = 0.26 sec. (121.26 ticks)
   3363     0       88.1929   855       80.0000     Cuts: 167   931410    4.59%
   3363     0       87.7798   589       80.0000     Cuts: 176   934724    4.59%
   3363     0       87.3695   603       80.0000     Cuts: 140   936999    4.59%
   3363     0       87.0516   626       80.0000     Cuts: 132   939279    4.59%
   3363     0       86.9184   666       80.0000     Cuts: 149   941626    4.59%
   3363     0       86.6648   700       80.0000     Cuts: 141   944487    4.59%
   3363     2       86.6648   696       80.0000       83.6722   944487    4.59%
   3364     3       85.0731   565       80.0000       83.6722   947722    4.59%
   3366     4       84.0063   507       80.0000       83.6722   950590    4.59%
   3369     5       86.5896   676       80.0000       83.6722   950462    4.59%
   3370     5       85.0747   573       80.0000       83.6722   952207    4.59%
   3371     5       83.1327   576       80.0000       83.6722   957769    4.59%
   3375     5       83.2146   580       80.0000       83.6722   957291    4.59%
   3377     7       84.8074   647       80.0000       83.6722   960004    4.59%
   3378     8       84.0146   484       80.0000       83.6722   961550    4.59%
   3381     7       81.5363   496       80.0000       83.6722   961459    4.59%
Elapsed time = 70.92 sec. (114335.38 ticks, tree = 0.02 MB, solutions = 3)
   3384     7        cutoff             80.0000       83.6722   991543    4.59%
   3385     8       82.4472   546       80.0000       83.6722   973487    4.59%
   3390     9       85.0667   542       80.0000       83.6722   984576    4.59%
   3395     8       83.7390   393       80.0000       83.6722  1047446    4.59%
   3400    10       83.6292   356       80.0000       83.6722  1048353    4.59%
   3413    12       82.2491   460       80.0000       83.6722  1063635    4.59%
   3438    14       81.2923   331       80.0000       83.6722  1050372    4.59%
   3453    17        cutoff             80.0000       83.6722  1053870    4.59%
   3461    18       83.2817   370       80.0000       83.6722  1054617    4.59%
   3478    19       81.4606   421       80.0000       83.6722  1068133    4.59%
Elapsed time = 78.55 sec. (126727.58 ticks, tree = 0.04 MB, solutions = 3)
   3508    26       81.1233   336       80.0000       83.6722  1084722    4.59%
   3541    42       83.1429   414       80.0000       83.6722  1091348    4.59%
   3563    36       82.8275   302       80.0000       83.6722  1092840    4.59%
   3572    27       82.8564   416       80.0000       83.6722  1086039    4.59%
   3588    82       82.6489   388       80.0000       83.6722  1123835    4.59%
   3609    92       83.1207   390       80.0000       83.6722  1142999    4.59%
   3646    86       81.0000    46       80.0000       83.6722  1132492    4.59%
   3689    97        cutoff             80.0000       83.6722  1154394    4.59%
   3757   136       83.2341   298       80.0000       83.6722  1174684    4.59%
   3820   130       81.0000   151       80.0000       83.6722  1177062    4.59%
Elapsed time = 85.26 sec. (136581.80 ticks, tree = 0.25 MB, solutions = 3)
   3891   169       81.5196   338       80.0000       83.6722  1200453    4.59%
   3988   195       82.4857   174       80.0000       83.6722  1242022    4.59%
   4123   221       81.0477   423       80.0000       83.6722  1246782    4.59%
   4233   246       81.0000    37       80.0000       83.6722  1263386    4.59%
   4367   392       82.0425    71       80.0000       83.6722  1332358    4.59%
   4487   481       81.5068    66       80.0000       83.3075  1362349    4.13%
   4628   415       81.7422   187       80.0000       83.3075  1341072    4.13%
   4780   635       81.1957    41       80.0000       83.3067  1442346    4.13%
   4928   654       82.5995   265       80.0000       83.3067  1447185    4.13%
   5077   751       82.5667   415       80.0000       83.2977  1481762    4.12%
Elapsed time = 92.14 sec. (146215.15 ticks, tree = 2.23 MB, solutions = 3)
   5168   757        cutoff             80.0000       83.2977  1488322    4.12%
   5310   871        cutoff             80.0000       83.2913  1524871    4.11%
   5420  1032       82.5079   256       80.0000       83.2901  1576079    4.11%
   5560  1235       81.5975    65       80.0000       83.2878  1645052    4.11%
   5664  1371       83.1395   496       80.0000       83.2837  1718166    4.10%
   5798  1562       82.1025   167       80.0000       83.2733  1786078    4.09%
   5916  1606       82.4041   299       80.0000       83.2676  1813134    4.08%
   6021  1744       83.0877   318       80.0000       83.2665  1863018    4.08%
   6131  1821       81.1553    45       80.0000       83.2635  1889997    4.08%
   6564  2180       82.5379   313       80.0000       83.2521  2056998    4.07%
Elapsed time = 101.78 sec. (158765.84 ticks, tree = 7.77 MB, solutions = 3)
   6913  2388       81.5078   169       80.0000       83.2421  2167365    4.05%
   7259  2658       82.3357   187       80.0000       83.2341  2326659    4.04%
   7612  2946       81.6173    82       80.0000       83.2219  2501799    4.03%
   8014  3214       83.1448   392       80.0000       83.2060  2654698    4.01%
   8379  3377       81.0000   189       80.0000       83.2009  2748010    4.00%
   8635  3771        cutoff             80.0000       83.2009  2994787    4.00%
   8963  3931       81.3183   185       80.0000       83.1846  3101348    3.98%
   9302  4207        cutoff             80.0000       83.1768  3273332    3.97%
   9627  4369       82.8913   305       80.0000       83.1747  3390772    3.97%
   9939  4702       81.7738   171       80.0000       83.1693  3623518    3.96%
Elapsed time = 129.58 sec. (197002.38 ticks, tree = 17.60 MB, solutions = 3)
  10308  4977       81.0000    32       80.0000       83.1635  3801478    3.95%
  10568  5076       81.9829   230       80.0000       83.1587  3879612    3.95%
  10889  5285       82.7317   434       80.0000       83.1535  4052754    3.94%
  11145  5590       82.0000   264       80.0000       83.1514  4285262    3.94%
  11409  5723       82.1242   272       80.0000       83.1458  4383690    3.93%
  11717  5954       81.0000    45       80.0000       83.1408  4608855    3.93%
  12007  6104       81.4705   161       80.0000       83.1374  4739766    3.92%
  12243  6279       82.0489   296       80.0000       83.1337  4880027    3.92%
  12456  6503       83.0738   405       80.0000       83.1332  5092809    3.92%
  12629  6570       81.2684   123       80.0000       83.1283  5184509    3.91%
Elapsed time = 158.59 sec. (235288.60 ticks, tree = 24.58 MB, solutions = 3)
  12840  6752        cutoff             80.0000       83.1227  5417445    3.90%
  13115  6856       82.0000   204       80.0000       83.1194  5499419    3.90%
  13334  6962       81.0000    44       80.0000       83.1148  5619889    3.89%
  13503  7217       81.7523    84       80.0000       83.1120  5886512    3.89%
  13746  7252       82.8607   336       80.0000       83.1081  5926381    3.89%
  13939  7474       82.5356   284       80.0000       83.1077  6203135    3.88%
  14151  7540       81.0000    52       80.0000       83.1012  6275739    3.88%
  14336  7671       82.5830   350       80.0000       83.0975  6439091    3.87%
  14577  7829       81.0000    76       80.0000       83.0948  6637268    3.87%
  14808  7939       81.3277   203       80.0000       83.0911  6741392    3.86%
Elapsed time = 187.76 sec. (273747.20 ticks, tree = 29.58 MB, solutions = 3)
  15094  8206       82.8839   324       80.0000       83.0869  7046034    3.86%
  15349  8245       82.6241   401       80.0000       83.0834  7086393    3.85%
  15593  8440       82.5339   409       80.0000       83.0747  7294041    3.84%
  15816  8563       81.4325   429       80.0000       83.0697  7438564    3.84%
  16014  8765       82.1796   355       80.0000       83.0610  7692320    3.83%
  16232  8769       82.3817   328       80.0000       83.0559  7686825    3.82%
  16428  8941       81.1863   150       80.0000       83.0508  7897118    3.81%
  16623  9069       81.7468    90       80.0000       83.0432  8103699    3.80%
  16863  9144       82.1321   332       80.0000       83.0403  8247591    3.80%
  17044  9334       82.2274   287       80.0000       83.0333  8522288    3.79%
Elapsed time = 216.50 sec. (312013.24 ticks, tree = 34.96 MB, solutions = 3)
  17193  9459       82.2350   201       80.0000       83.0288  8701194    3.79%
  17389  9511       82.9353   339       80.0000       83.0265  8749563    3.78%
  17562  9601       81.0000    36       80.0000       83.0199  8916310    3.77%
  17758  9669       81.0000    57       80.0000       83.0169  9005643    3.77%
  17958  9783        cutoff             80.0000       83.0118  9211111    3.76%
  18186  9957       81.0000    32       80.0000       83.0096  9453479    3.76%
  18400 10155       81.0000   129       80.0000       83.0036  9699036    3.75%
  18580 10216       82.4849   326       80.0000       83.0000  9803884    3.75%
  18816 10363       81.2729   132       80.0000       83.0000 10041196    3.75%
  19032 10457        cutoff             80.0000       82.9975 10125530    3.75%
Elapsed time = 244.83 sec. (350480.25 ticks, tree = 38.98 MB, solutions = 3)
  19167 10594       82.3407   450       80.0000       82.9952 10342185    3.74%
  19377 10656       82.0650   294       80.0000       82.9824 10455227    3.73%
  19609 10676       82.0062   245       80.0000       82.9766 10478802    3.72%
  19803 10929       81.0000    26       80.0000       82.9722 10838708    3.72%
  20002 11063       82.5031   305       80.0000       82.9700 10980800    3.71%
  20172 11161       81.1834   476       80.0000       82.9670 11151614    3.71%
  20369 11281       81.2188   232       80.0000       82.9544 11325694    3.69%
  20522 11320       81.0000    22       80.0000       82.9502 11377877    3.69%
  20720 11388       81.0000    55       80.0000       82.9432 11519936    3.68%
  20918 11470       81.0000    94       80.0000       82.9343 11650554    3.67%
Elapsed time = 272.62 sec. (388929.78 ticks, tree = 42.61 MB, solutions = 3)
  21123 11610        cutoff             80.0000       82.9285 11860804    3.66%
  21327 11708       82.1161   155       80.0000       82.9227 11981747    3.65%
  21536 11779       81.6734   112       80.0000       82.9182 12087752    3.65%
  21727 11955       82.0000   129       80.0000       82.9086 12341479    3.64%
  21937 11996       81.0000    69       80.0000       82.9045 12398889    3.63%
  22092 12245       81.0000    21       80.0000       82.8922 12793238    3.62%
  22275 12225       81.0000    35       80.0000       82.8860 12746456    3.61%
  22556 12412       81.0000    54       80.0000       82.8816 13111841    3.60%
  22728 12420        cutoff             80.0000       82.8769 13131858    3.60%
  22947 12493       81.0457    75       80.0000       82.8705 13231253    3.59%
Elapsed time = 300.27 sec. (427308.88 ticks, tree = 46.34 MB, solutions = 3)
  23167 12729       81.3515    52       80.0000       82.8619 13504175    3.58%
  23378 12774       81.7683   156       80.0000       82.8583 13569158    3.57%
  23576 12986        cutoff             80.0000       82.8539 13938421    3.57%
  23720 12999       81.3379   100       80.0000       82.8478 13957981    3.56%
  23864 13035       81.2447   204       80.0000       82.8416 14014543    3.55%
  24044 13174        cutoff             80.0000       82.8362 14227612    3.55%
  24261 13352       81.3512    21       80.0000       82.8314 14592583    3.54%
  24420 13441       82.2656   219       80.0000       82.8299 14725616    3.54%
  24573 13403       81.9451   434       80.0000       82.8249 14673000    3.53%
  24732 13608       81.8184   115       80.0000       82.8133 15000708    3.52%
Elapsed time = 328.37 sec. (465689.61 ticks, tree = 50.36 MB, solutions = 3)
  24920 13740       81.5868   104       80.0000       82.8077 15213350    3.51%
  25103 13693       81.0000    39       80.0000       82.8040 15119830    3.50%
  25272 13872       81.9748   147       80.0000       82.7993 15433451    3.50%
  25466 13891       81.7979   182       80.0000       82.7928 15454701    3.49%
  25689 14086       81.0809   463       80.0000       82.7853 15841845    3.48%
  25930 14256        cutoff             80.0000       82.7780 16064671    3.47%
  26183 14132       81.0000    66       80.0000       82.7770 15925442    3.47%
  26386 14388       82.5485   375       80.0000       82.7693 16269451    3.46%
  26610 14451       82.1344   276       80.0000       82.7652 16313848    3.46%
  26870 14477       81.8185   126       80.0000       82.7576 16328041    3.45%
Elapsed time = 355.84 sec. (504029.02 ticks, tree = 57.82 MB, solutions = 3)
  27054 14584       81.7918   165       80.0000       82.7533 16468731    3.44%
  27312 14858       81.3333   142       80.0000       82.7450 16703333    3.43%
  27596 14846       81.1550   103       80.0000       82.7370 16689123    3.42%
  27851 15153       82.0874   287       80.0000       82.7338 17018573    3.42%
  28100 15149        cutoff             80.0000       82.7275 17000092    3.41%
  28316 15511       82.1736   238       80.0000       82.7238 17261797    3.40%
  28577 15542       81.0000    58       80.0000       82.7201 17276984    3.40%
  28819 15650       82.1706   281       80.0000       82.7134 17378887    3.39%
  29049 15761       81.8569   177       80.0000       82.7075 17483914    3.38%
  29304 15960       81.0000    43       80.0000       82.7037 17665267    3.38%
Elapsed time = 383.26 sec. (542453.67 ticks, tree = 94.61 MB, solutions = 3)
  29578 16041       82.5538   353       80.0000       82.7021 17745038    3.38%
  29865 16334       81.6239    88       80.0000       82.6984 17957658    3.37%
  30236 16408       82.0000   203       80.0000       82.6914 18037580    3.36%
  30531 16627       82.6731   292       80.0000       82.6881 18181476    3.36%
  30801 16453       81.0000    68       80.0000       82.6849 18067644    3.36%
  31032 16785       82.5287   336       80.0000       82.6809 18283583    3.35%
  31263 16802        cutoff             80.0000       82.6793 18299347    3.35%
  31531 17252       81.8749   247       80.0000       82.6759 18616852    3.34%
  31728 17224       81.0000   205       80.0000       82.6731 18593942    3.34%
  31950 17456       81.8062   133       80.0000       82.6678 18861777    3.33%
Elapsed time = 409.86 sec. (580996.25 ticks, tree = 139.51 MB, solutions = 3)
  32242 17415       81.0000    57       80.0000       82.6629 18802031    3.33%
  32513 17681       81.6824   121       80.0000       82.6617 19075152    3.33%
  32759 17877       82.3043   248       80.0000       82.6593 19193087    3.32%
  33054 17887       82.1970   281       80.0000       82.6529 19206020    3.32%
  33333 18243       82.0730   226       80.0000       82.6523 19429626    3.32%
  33576 18064       81.0000   115       80.0000       82.6511 19309130    3.31%
  33862 18503       82.0993   274       80.0000       82.6465 19622140    3.31%
  34105 18334       81.1127    82       80.0000       82.6456 19508153    3.31%
  34344 18606       81.7393   246       80.0000       82.6419 19729554    3.30%
  34663 18909       82.3139   467       80.0000       82.6384 19930289    3.30%
Elapsed time = 437.10 sec. (619334.22 ticks, tree = 181.24 MB, solutions = 3)
  35035 19029       81.1344   270       80.0000       82.6379 20065013    3.30%
  35312 19088       82.1979   393       80.0000       82.6356 20113185    3.29%
  35524 19506       82.1317   190       80.0000       82.6332 20350446    3.29%
  35745 19172       82.0000   193       80.0000       82.6317 20172806    3.29%
  36060 19707       81.4677   151       80.0000       82.6294 20487978    3.29%
  36246 19861        cutoff             80.0000       82.6249 20629011    3.28%
  36448 19931       81.9979   294       80.0000       82.6241 20682358    3.28%
  36724 20122       82.3806   162       80.0000       82.6205 20797836    3.28%
  36945 20026       81.7414   179       80.0000       82.6177 20743538    3.27%
  37166 20305       81.0000    57       80.0000       82.6160 21033898    3.27%
Elapsed time = 465.67 sec. (657851.00 ticks, tree = 229.53 MB, solutions = 3)
  37484 20392        cutoff             80.0000       82.6148 21119599    3.27%
  37699 20605       81.7559   413       80.0000       82.6101 21304515    3.26%
  37959 20622       81.0000    84       80.0000       82.6089 21315996    3.26%
  38258 20670       81.0000   115       80.0000       82.6077 21374762    3.26%
  38521 20815       82.3679   195       80.0000       82.6047 21468730    3.26%
  38688 20978       81.5665   521       80.0000       82.6035 21585849    3.25%
  39009 21163       81.0000    91       80.0000       82.6026 21724842    3.25%
  39376 21144       82.4938   336       80.0000       82.6007 21703214    3.25%
  39663 21273       82.0957   191       80.0000       82.5983 21791553    3.25%
  39942 21484       81.0000    35       80.0000       82.5947 22006005    3.24%
Elapsed time = 492.97 sec. (696362.90 ticks, tree = 261.48 MB, solutions = 3)
  40150 21450       81.9883   170       80.0000       82.5931 21976337    3.24%
  40400 21810       82.2567   259       80.0000       82.5890 22206104    3.24%
  40616 22113       81.3722   178       80.0000       82.5879 22499119    3.23%
  40804 22120       81.0000    56       80.0000       82.5870 22460876    3.23%
  41021 22236       82.4544   274       80.0000       82.5832 22645657    3.23%
  41236 22319       82.0362   345       80.0000       82.5824 22741704    3.23%
  41487 22502       82.2259   316       80.0000       82.5814 22990420    3.23%
  41798 22601       81.5946   246       80.0000       82.5792 23089802    3.22%
  42086 22583       81.2191   208       80.0000       82.5750 23061655    3.22%
  42333 22793       81.7315   276       80.0000       82.5735 23263823    3.22%
Elapsed time = 519.86 sec. (734944.41 ticks, tree = 295.04 MB, solutions = 3)
  42644 22685       82.4289   277       80.0000       82.5719 23132390    3.21%
  42982 23244       81.0000   147       80.0000       82.5699 23594735    3.21%
  43257 23164        cutoff             80.0000       82.5650 23517483    3.21%
  43549 23485       81.0000    43       80.0000       82.5638 23805457    3.20%
  43731 23235       81.0000    78       80.0000       82.5624 23578736    3.20%
  43987 23846       82.3919   267       80.0000       82.5606 24042965    3.20%
  44148 23916       81.0000    82       80.0000       82.5571 24108438    3.20%
  44300 23679       81.0148   313       80.0000       82.5571 23947647    3.20%
  44505 23826       82.0144   144       80.0000       82.5537 24032687    3.19%
  44728 24070       81.9780   110       80.0000       82.5442 24300296    3.18%
Elapsed time = 547.75 sec. (773292.13 ticks, tree = 342.05 MB, solutions = 3)
  44935 24254        cutoff             80.0000       82.5429 24475316    3.18%
  45173 24249       81.6430   156       80.0000       82.5392 24440311    3.17%
  45414 24269       81.7404   162       80.0000       82.5375 24503193    3.17%
  45662 24429       81.1344    85       80.0000       82.5312 24691723    3.16%
  45942 24427       82.2077   381       80.0000       82.5291 24658941    3.16%
  46226 24718       82.0712   435       80.0000       82.5254 24955244    3.16%
  46522 24635       82.0000   207       80.0000       82.5235 24919009    3.15%
  46890 24757       81.8310   257       80.0000       82.5210 24984677    3.15%
  47167 24933       81.0000   101       80.0000       82.5196 25180327    3.15%
  47420 24956       81.8147   178       80.0000       82.5158 25195438    3.14%
Elapsed time = 574.83 sec. (811740.22 ticks, tree = 364.91 MB, solutions = 3)
  47689 25369       81.7035   175       80.0000       82.5127 25491286    3.14%
  47920 25534        cutoff             80.0000       82.5110 25643509    3.14%
  48186 25554       82.1344   221       80.0000       82.5110 25656566    3.14%
  48389 25792       82.0328   179       80.0000       82.5087 25862380    3.14%
  48603 25968       81.1344   151       80.0000       82.5054 26074049    3.13%
  48833 25800       81.0980   267       80.0000       82.5034 25890473    3.13%
  49168 26112       81.0000    87       80.0000       82.5005 26191355    3.13%
  49458 26217       82.0000   237       80.0000       82.4993 26333954    3.12%
  49783 26500       81.1191   121       80.0000       82.4963 26525631    3.12%
  50018 26520       81.0000   116       80.0000       82.4929 26538315    3.12%
Elapsed time = 602.71 sec. (850084.43 ticks, tree = 404.48 MB, solutions = 3)
  50304 26535       81.0000   108       80.0000       82.4902 26551192    3.11%
  50565 26556        cutoff             80.0000       82.4881 26565703    3.11%
  50832 26965       81.4836   141       80.0000       82.4855 26889457    3.11%
  51139 26716       81.5610   114       80.0000       82.4847 26719896    3.11%
  51441 27157       82.4400   270       80.0000       82.4804 27058103    3.10%
  51679 27167       81.8273   118       80.0000       82.4787 27103773    3.10%
  51924 27323       82.0000   242       80.0000       82.4763 27218628    3.10%
  52188 27396        cutoff             80.0000       82.4763 27276444    3.10%
  52400 27454       81.0000    70       80.0000       82.4727 27339292    3.09%
  52731 27844       81.1317   143       80.0000       82.4700 27734247    3.09%
Elapsed time = 629.44 sec. (888482.17 ticks, tree = 438.15 MB, solutions = 3)
  53011 27766       81.0000   127       80.0000       82.4681 27651320    3.09%
  53336 27776       81.7733   431       80.0000       82.4665 27664690    3.08%
  53661 27865       82.0000   173       80.0000       82.4647 27724810    3.08%
  54089 28450       81.0000    67       80.0000       82.4598 28220109    3.07%
  54315 28464       81.0041   147       80.0000       82.4576 28234591    3.07%
  54694 28216       82.0000   126       80.0000       82.4562 28056327    3.07%
  54930 28592        cutoff             80.0000       82.4524 28352845    3.07%
  55206 29096       81.0000   103       80.0000       82.4482 28693219    3.06%
  55490 28784       81.0000   127       80.0000       82.4473 28462998    3.06%
  55769 28995        cutoff             80.0000       82.4463 28624955    3.06%
Elapsed time = 657.26 sec. (926731.58 ticks, tree = 481.36 MB, solutions = 3)
  55977 29280       81.0000    90       80.0000       82.4408 28856678    3.05%
  56193 29485       82.0000   193       80.0000       82.4378 29049600    3.05%
  56500 29537       81.0000   170       80.0000       82.4368 29110533    3.05%
  56806 29421       81.6239    84       80.0000       82.4344 28993039    3.04%
  57103 29792       81.0000   121       80.0000       82.4289 29315816    3.04%
  57449 29842       81.0000   201       80.0000       82.4240 29378820    3.03%
  57796 30049       81.0000   114       80.0000       82.4240 29545648    3.03%
  58124 30209       81.0000    51       80.0000       82.4200 29654177    3.02%
  58461 30211       81.0000    72       80.0000       82.4163 29665820    3.02%
  58731 30223       81.7893   212       80.0000       82.4105 29677468    3.01%
Elapsed time = 684.51 sec. (964997.10 ticks, tree = 507.93 MB, solutions = 3)
  59127 30371        cutoff             80.0000       82.4096 29793183    3.01%
  59403 30565       81.6667   163       80.0000       82.4073 29943744    3.01%
  59613 30731       82.0715   247       80.0000       82.4010 30049321    3.00%
  59937 31225       82.1284   274       80.0000       82.3997 30423669    3.00%
  60270 31132       81.0000    65       80.0000       82.3971 30340997    3.00%
  60554 31179       81.1837   130       80.0000       82.3935 30403750    2.99%
  60842 31467        cutoff             80.0000       82.3876 30693892    2.98%
  61167 31453       81.0733   125       80.0000       82.3854 30661931    2.98%
  61592 31527       82.0000   151       80.0000       82.3836 30721520    2.98%
  61936 31857       82.0000   143       80.0000       82.3782 31009748    2.97%
Elapsed time = 711.53 sec. (1003294.79 ticks, tree = 549.24 MB, solutions = 3)
  62231 32221       81.4150   106       80.0000       82.3707 31255687    2.96%
  62572 32099       81.9206   466       80.0000       82.3707 31170097    2.96%
  62792 32384       82.0000   146       80.0000       82.3650 31411623    2.96%
  63065 32272       81.7144   295       80.0000       82.3625 31326266    2.95%
  63297 32555        cutoff             80.0000       82.3568 31524689    2.95%
  63582 32566       82.0000   179       80.0000       82.3545 31539412    2.94%
  63852 32688       81.6995   113       80.0000       82.3504 31645165    2.94%
  64087 32696        cutoff             80.0000       82.3469 31660857    2.93%
  64365 33131       81.0524   120       80.0000       82.3437 32023823    2.93%
  64645 32926       81.3791   152       80.0000       82.3418 31887757    2.93%
Elapsed time = 739.80 sec. (1041808.89 ticks, tree = 595.78 MB, solutions = 3)
  65029 33297       81.2773   143       80.0000       82.3363 32224281    2.92%
  65322 33596       82.0000   177       80.0000       82.3333 32425813    2.92%
  65697 33291       81.9103   259       80.0000       82.3259 32203832    2.91%
  66222 33462       81.1769   103       80.0000       82.3238 32360778    2.90%
  66627 33529        cutoff             80.0000       82.3184 32419834    2.90%
  67109 33768        cutoff             80.0000       82.3131 32566967    2.89%
  67507 34347       81.1611    79       80.0000       82.3100 32908491    2.89%
  67912 34236       81.0000    87       80.0000       82.3061 32819721    2.88%
  68378 34749       81.0000    50       80.0000       82.3044 33110494    2.88%
  68677 34768       81.1747   147       80.0000       82.3003 33124842    2.88%
Elapsed time = 767.56 sec. (1080049.94 ticks, tree = 661.27 MB, solutions = 3)
  69001 35133       81.0000   101       80.0000       82.2989 33328001    2.87%
  69333 35169       82.2061   247       80.0000       82.2969 33342580    2.87%
  69619 35448       81.0000    42       80.0000       82.2899 33518112    2.86%
  70008 35293       81.1784   160       80.0000       82.2884 33404356    2.86%
  70464 35640       81.0000    62       80.0000       82.2803 33626892    2.85%
  70795 36029       81.0000    55       80.0000       82.2763 33903021    2.85%
  71215 35958       81.9216   166       80.0000       82.2676 33868028    2.83%
  71624 36107       81.0000   127       80.0000       82.2652 33930968    2.83%
  71935 36243       81.9226   133       80.0000       82.2586 34077506    2.82%
  72461 36395       81.0000    39       80.0000       82.2567 34182238    2.82%
Elapsed time = 795.37 sec. (1118443.79 ticks, tree = 693.12 MB, solutions = 3)
  72802 36623       81.0470   249       80.0000       82.2567 34329660    2.82%
  73157 36914       81.1784   101       80.0000       82.2560 34539051    2.82%
  73463 37003       81.0361   120       80.0000       82.2525 34587650    2.82%
  73769 37171       81.1784   174       80.0000       82.2512 34692307    2.81%
  74019 37411       81.0000    29       80.0000       82.2494 34884317    2.81%
  74287 37203       81.0000    47       80.0000       82.2494 34715798    2.81%
  74569 37692       81.0000    91       80.0000       82.2462 35086169    2.81%
  74892 37986       81.0000    45       80.0000       82.2415 35311819    2.80%
  75260 37900       81.1691   293       80.0000       82.2402 35237751    2.80%
  75684 38116       81.8283   194       80.0000       82.2368 35459030    2.80%
Elapsed time = 824.10 sec. (1156979.22 ticks, tree = 741.21 MB, solutions = 3)
  76061 38241       81.9936   140       80.0000       82.2340 35519945    2.79%
  76428 38141       82.1448   227       80.0000       82.2288 35486674    2.79%
  76788 38178       81.0000    45       80.0000       82.2274 35501719    2.78%
  77202 38833       81.0000    79       80.0000       82.2229 35926015    2.78%
  77535 38768        cutoff             80.0000       82.2191 35899706    2.77%
  77852 38786       81.0000    43       80.0000       82.2169 35913824    2.77%
  78261 39189       81.0000    40       80.0000       82.2133 36158768    2.77%
  78581 39484       82.0203   134       80.0000       82.2115 36357070    2.76%
  78931 39340       81.0000    75       80.0000       82.2081 36266448    2.76%
  79270 39543        cutoff             80.0000       82.2072 36387069    2.76%
Elapsed time = 851.07 sec. (1195356.90 ticks, tree = 798.64 MB, solutions = 3)
  79641 39810       81.4496   223       80.0000       82.2054 36625351    2.76%
  79928 39802       82.0266   156       80.0000       82.2025 36681772    2.75%
  80284 39843       81.0000    68       80.0000       82.2007 36697626    2.75%
  80705 40186       81.8541   240       80.0000       82.1996 36943038    2.75%
  81110 40644       81.0000    54       80.0000       82.1946 37244132    2.74%
  81490 40368       81.1428   156       80.0000       82.1926 37062105    2.74%
  81982 40902       81.5336   195       80.0000       82.1904 37396112    2.74%
  82488 40675        cutoff             80.0000       82.1865 37279568    2.73%
  83068 41252       81.2522   173       80.0000       82.1833 37546952    2.73%
  83573 41346       81.0000    29       80.0000       82.1799 37596192    2.72%
Elapsed time = 879.16 sec. (1233614.62 ticks, tree = 840.88 MB, solutions = 3)
  84091 41340       81.0000    38       80.0000       82.1792 37576228    2.72%
  84654 42023       81.0894    70       80.0000       82.1773 37953025    2.72%
  85047 42041       81.1757    95       80.0000       82.1743 37967969    2.72%
  85521 42474       81.7026   204       80.0000       82.1728 38175194    2.72%
  86046 42525       81.0000    32       80.0000       82.1710 38190448    2.71%
  86439 42323       81.0000    37       80.0000       82.1667 38108983    2.71%
  87011 42967        cutoff             80.0000       82.1638 38396377    2.70%
  87508 43322        cutoff             80.0000       82.1638 38606309    2.70%
  88049 43753       81.1152   106       80.0000       82.1566 38800754    2.70%
  88679 43841       81.0000    32       80.0000       82.1549 38866295    2.69%
Elapsed time = 905.83 sec. (1271810.97 ticks, tree = 890.78 MB, solutions = 3)
  89158 43602       81.0000    48       80.0000       82.1516 38730024    2.69%
  89703 44198       81.0000    43       80.0000       82.1470 39056010    2.68%
  90124 44325       81.0000   151       80.0000       82.1419 39113936    2.68%
  90626 44691       81.0000    25       80.0000       82.1362 39218195    2.67%
  91035 44996       81.8048   174       80.0000       82.1362 39405085    2.67%
  91465 44903       81.5319   302       80.0000       82.1344 39330762    2.67%
  91807 45079       81.0000   161       80.0000       82.1344 39457145    2.67%
  92152 45646       81.7932   205       80.0000       82.1344 39704909    2.67%
  92676 45530       81.0000    95       80.0000       82.1344 39649006    2.67%
  93109 46014       81.0000    23       80.0000       82.1336 39941672    2.67%
Elapsed time = 934.49 sec. (1309997.56 ticks, tree = 986.29 MB, solutions = 3)
  93524 45825        cutoff             80.0000       82.1317 39818574    2.66%
  93916 46187       81.5278    90       80.0000       82.1317 40063703    2.66%
  94431 46219        cutoff             80.0000       82.1275 40078963    2.66%
  95015 47000       81.0000    58       80.0000       82.1204 40510078    2.65%
  95651 47043       82.0903   243       80.0000       82.1204 40524122    2.65%
  96231 47234       81.0000    55       80.0000       82.1182 40613468    2.65%
  96633 47673        cutoff             80.0000       82.1132 40814996    2.64%
  97199 47602       81.0843   168       80.0000       82.1124 40781291    2.64%
  97672 47622        cutoff             80.0000       82.1115 40795071    2.64%
  98160 48404       81.1758   151       80.0000       82.1058 41149701    2.63%
Elapsed time = 961.61 sec. (1348211.40 ticks, tree = 1066.59 MB, solutions = 3)
  98640 48504       81.0000    30       80.0000       82.1032 41210467    2.63%
  99047 48661       81.0769   208       80.0000       82.1032 41266798    2.63%
  99325 48373       81.5388    78       80.0000       82.0996 41146642    2.62%
  99706 49001       81.0000    42       80.0000       82.0922 41449963    2.62%
  99996 49069       81.0894    67       80.0000       82.0919 41509568    2.61%
 100435 49139       81.0000    66       80.0000       82.0919 41569586    2.61%
 100905 49653       81.2879    95       80.0000       82.0901 41968417    2.61%
 101360 49690        cutoff             80.0000       82.0894 41983050    2.61%
 101879 49728       81.2148    94       80.0000       82.0894 41996713    2.61%
 102426 49861       81.0841   105       80.0000       82.0879 42106443    2.61%
Elapsed time = 989.35 sec. (1386521.30 ticks, tree = 1100.95 MB, solutions = 3)
 102999 50026       81.0000    75       80.0000       82.0826 42201467    2.60%
 103624 50402        cutoff             80.0000       82.0813 42402560    2.60%
 104004 50788       81.4810    93       80.0000       82.0776 42578438    2.60%
 104407 50885       81.0000    91       80.0000       82.0727 42634901    2.59%
 104861 50721        cutoff             80.0000       82.0716 42561774    2.59%
 105389 51246       81.1757   120       80.0000       82.0716 42888414    2.59%
 105767 51443       81.2429    85       80.0000       82.0677 42981322    2.58%
 106192 51884       81.2319   121       80.0000       82.0629 43235868    2.58%
 106626 51919       81.0000   436       80.0000       82.0615 43251183    2.58%
 106988 51594       81.3086   117       80.0000       82.0595 43066501    2.57%
Elapsed time = 1016.33 sec. (1424799.43 ticks, tree = 1170.88 MB, solutions = 3)
 107538 52390       81.0000    71       80.0000       82.0530 43596697    2.57%
 107978 52370       81.0000    61       80.0000       82.0517 43559378    2.56%
 108483 52572       81.9081   288       80.0000       82.0501 43673177    2.56%
 108989 52941       81.0814   142       80.0000       82.0409 43938543    2.55%
 109452 53057        cutoff             80.0000       82.0395 43996329    2.55%
 109853 52812       81.0000    75       80.0000       82.0373 43828581    2.55%
 110255 53092       81.2124   239       80.0000       82.0332 44018559    2.54%
